1/6/2012 4:46:45 PM	This log contains information about the import schema operation into project 'SQLClueCLR' on computer 'BILL764' by user 'bwunder'.
1/6/2012 4:46:46 PM	Import of database schema has started.
1/6/2012 4:47:00 PM	Gathering database options
1/6/2012 4:47:00 PM	Gathering users
1/6/2012 4:47:00 PM	Gathering roles
1/6/2012 4:47:00 PM	Gathering application roles
1/6/2012 4:47:00 PM	Gathering role memberships
1/6/2012 4:47:00 PM	Gathering filegroups
1/6/2012 4:47:00 PM	Gathering full-text catalogs
1/6/2012 4:47:00 PM	Gathering assemblies
1/6/2012 4:47:00 PM	Gathering certificates
1/6/2012 4:47:00 PM	Gathering asymmetric keys
1/6/2012 4:47:00 PM	Gathering symmetric keys
1/6/2012 4:47:00 PM	Gathering encrypted symmetric keys
1/6/2012 4:47:00 PM	Gathering schemas
1/6/2012 4:47:01 PM	Gathering XML schema collections
1/6/2012 4:47:01 PM	Gathering user-defined data types
1/6/2012 4:47:01 PM	Gathering user-defined types
1/6/2012 4:47:01 PM	Gathering table types
1/6/2012 4:47:01 PM	Gathering unique keys for table types
1/6/2012 4:47:01 PM	Gathering primary keys for table types
1/6/2012 4:47:01 PM	Gathering check constraints for table types
1/6/2012 4:47:01 PM	Gathering default constraints for table types
1/6/2012 4:47:01 PM	Gathering partition functions
1/6/2012 4:47:01 PM	Gathering partition schemes
1/6/2012 4:47:01 PM	Gathering functions
1/6/2012 4:47:01 PM	Gathering encrypted functions
1/6/2012 4:47:01 PM	Gathering aggregates
1/6/2012 4:47:01 PM	Gathering procedures
1/6/2012 4:47:01 PM	Gathering encrypted procedures
1/6/2012 4:47:01 PM	Gathering tables
1/6/2012 4:47:01 PM	Gathering primary keys
1/6/2012 4:47:01 PM	Gathering unique constraints
1/6/2012 4:47:01 PM	Gathering foreign keys
1/6/2012 4:47:01 PM	Gathering default constraints
1/6/2012 4:47:01 PM	Gathering check constraints
1/6/2012 4:47:01 PM	Gathering views
1/6/2012 4:47:01 PM	Gathering encrypted views
1/6/2012 4:47:01 PM	Gathering indexes
1/6/2012 4:47:01 PM	Gathering statistics
1/6/2012 4:47:01 PM	Gathering full-text index stoplists
1/6/2012 4:47:01 PM	Gathering search property lists
1/6/2012 4:47:01 PM	Gathering search properties
1/6/2012 4:47:01 PM	Gathering full-text indexes
1/6/2012 4:47:01 PM	Gathering column store indexes
1/6/2012 4:47:01 PM	Gathering spatial indexes
1/6/2012 4:47:01 PM	Gathering XML indexes
1/6/2012 4:47:01 PM	Gathering encrypted triggers
1/6/2012 4:47:01 PM	Gathering triggers
1/6/2012 4:47:01 PM	Gathering encrypted and clr ddl triggers
1/6/2012 4:47:01 PM	Gathering ddl triggers
1/6/2012 4:47:01 PM	Gathering synonyms
1/6/2012 4:47:01 PM	Gathering defaults
1/6/2012 4:47:01 PM	Gathering data constraint uddt bindings
1/6/2012 4:47:01 PM	Gathering rules
1/6/2012 4:47:01 PM	Gathering data constraint uddt bindings
1/6/2012 4:47:01 PM	Gathering message types
1/6/2012 4:47:01 PM	Gathering queues
1/6/2012 4:47:01 PM	Gathering contracts
1/6/2012 4:47:01 PM	Gathering services
1/6/2012 4:47:01 PM	Gathering event notifications
1/6/2012 4:47:01 PM	Gathering remote service bindings
1/6/2012 4:47:01 PM	Gathering broker priorities
1/6/2012 4:47:01 PM	Gathering signatures
1/6/2012 4:47:01 PM	Gathering data compression options
1/6/2012 4:47:01 PM	Gathering sequence types
1/6/2012 4:47:01 PM	Gathering extended properties
1/6/2012 4:47:03 PM	Finished importing database.
1/6/2012 4:47:03 PM	A summary of the import was saved to the following location: C:\Users\bwunder\Documents\Visual Studio 2010\Projects\SQLClue\Node\Import Schema Logs\SQLClueCLR_20120106114645.log
1/6/2012 4:47:03 PM	Click Finish to continue...
